
========================[ Jul 8, 2011 11:27 AM ]========================
Version 2.2.21 [Jun-14-2009]
Started database file "/home/oberliat/Documents/Python_Apps/mycoplasma_site/static/nc_000908.fasta"
Formatted 524 sequences in volume 0
SUCCESS: formatted database /home/oberliat/Documents/Python_Apps/mycoplasma_site/static/nc_000908.fasta

========================[ Jul 8, 2011 11:32 AM ]========================
Version 2.2.21 [Jun-14-2009]
Started database file "/home/oberliat/Documents/Python_Apps/mycoplasma_site/static/nc_000908.fasta"
Formatted 524 sequences in volume 0
SUCCESS: formatted database /home/oberliat/Documents/Python_Apps/mycoplasma_site/static/nc_000908.fasta

========================[ Jul 8, 2011 11:35 AM ]========================
Version 2.2.21 [Jun-14-2009]
Started database file "/home/oberliat/Documents/Python_Apps/mycoplasma_site/static/nc_000908.fasta"
Formatted 524 sequences in volume 0
SUCCESS: formatted database /home/oberliat/Documents/Python_Apps/mycoplasma_site/static/nc_000908.fasta

========================[ Jul 8, 2011 11:36 AM ]========================
Version 2.2.21 [Jun-14-2009]
Started database file "/home/oberliat/Documents/Python_Apps/mycoplasma_site/static/nc_013948.fasta"
ERROR: [000.000] Could not open /home/oberliat/Documents/Python_Apps/mycoplasma_site/static/nc_013948.fasta


========================[ Jul 8, 2011 11:37 AM ]========================
Version 2.2.21 [Jun-14-2009]
Started database file "/home/oberliat/Documents/Python_Apps/mycoplasma_site/static/nc_000908.fasta"
Formatted 524 sequences in volume 0
SUCCESS: formatted database /home/oberliat/Documents/Python_Apps/mycoplasma_site/static/nc_000908.fasta

========================[ Jul 12, 2011  2:40 PM ]========================
Version 2.2.21 [Jun-14-2009]
Started database file "/home/oberliat/Documents/Python_Apps/mycoplasma_site/static/nc_000908.fasta"
Formatted 524 sequences in volume 0
SUCCESS: formatted database /home/oberliat/Documents/Python_Apps/mycoplasma_site/static/nc_000908.fasta
